2025-03-25 18:20:55 - Internal Payment Process Started
2025-03-25 18:20:55 - Processing payment for: Jeff Santonia, Month: 2, Year: 2025, Amount: 15400
2025-03-25 18:20:55 - Current balance: 25215
2025-03-25 18:20:55 - Transaction started
2025-03-25 18:20:55 - Updated client balance to: 9815
2025-03-25 18:20:55 - Updating existing payment record ID: 146
2025-03-25 18:20:55 - ERROR: Prepare failed: 
2025-03-25 18:20:55 - Process completed
2025-03-25 18:22:12 - Internal Payment Process Started
2025-03-25 18:22:12 - Processing payment for: Jeff Santonia, Month: 2, Year: 2025, Amount: 15400
2025-03-25 18:22:12 - Current balance: 25215
2025-03-25 18:22:12 - Transaction started
2025-03-25 18:22:12 - Updated client balance to: 9815
2025-03-25 18:22:12 - Updating existing payment record ID: 146
2025-03-25 18:22:12 - ERROR: Prepare failed: 
2025-03-25 18:22:12 - Process completed
2025-03-25 18:23:25 - Internal Payment Process Started
2025-03-25 18:23:25 - Processing payment for: Jeff Santonia, Month: 2, Year: 2025, Amount: 15400
2025-03-25 18:23:25 - Current balance: 25215
2025-03-25 18:23:25 - Transaction started
2025-03-25 18:23:25 - Updated client balance to: 9815
2025-03-25 18:23:25 - Updating existing payment record ID: 146
2025-03-25 18:23:25 - ERROR: Prepare failed: 
2025-03-25 18:23:25 - Process completed
2025-03-25 18:24:44 - Get Available Years Started
2025-03-25 18:24:44 - Fetching available years for: Jeff Santonia
2025-03-25 18:24:44 - Available years: 2025
2025-03-25 18:24:44 - Get Available Years completed
2025-03-25 18:24:44 - Get Monthly Payments Started
2025-03-25 18:24:44 - Fetching payments for: Jeff Santonia, Year: 2025
2025-03-25 18:24:44 - ERROR in get_monthly_payments: Prepare failed: Unknown column 'amount_paid' in 'field list'
2025-03-25 18:24:44 - Get Monthly Payments completed
2025-03-25 18:24:50 - Get Available Years Started
2025-03-25 18:24:50 - Fetching available years for: asdas
2025-03-25 18:24:50 - Available years: 2025
2025-03-25 18:24:50 - Get Available Years completed
2025-03-25 18:24:50 - Get Monthly Payments Started
2025-03-25 18:24:50 - Fetching payments for: asdas, Year: 2025
2025-03-25 18:24:50 - ERROR in get_monthly_payments: Prepare failed: Unknown column 'amount_paid' in 'field list'
2025-03-25 18:24:50 - Get Monthly Payments completed
2025-03-25 18:24:51 - Get Available Years Started
2025-03-25 18:24:51 - Fetching available years for: Jeff Santonia
2025-03-25 18:24:51 - Available years: 2025
2025-03-25 18:24:51 - Get Available Years completed
2025-03-25 18:24:51 - Get Monthly Payments Started
2025-03-25 18:24:51 - Fetching payments for: Jeff Santonia, Year: 2025
2025-03-25 18:24:51 - ERROR in get_monthly_payments: Prepare failed: Unknown column 'amount_paid' in 'field list'
2025-03-25 18:24:51 - Get Monthly Payments completed
2025-03-25 18:28:04 - Get Available Years Started
2025-03-25 18:28:04 - Fetching available years for: Jeff Santonia
2025-03-25 18:28:04 - Available years: 2025
2025-03-25 18:28:04 - Get Available Years completed
2025-03-25 18:28:04 - Get Monthly Payments Started
2025-03-25 18:28:04 - Fetching payments for: Jeff Santonia, Year: 2025
2025-03-25 18:28:04 - ERROR in get_monthly_payments: Prepare failed: Unknown column 'notes' in 'field list'
2025-03-25 18:28:04 - Get Monthly Payments completed
2025-03-25 18:28:30 - Get Available Years Started
2025-03-25 18:28:30 - Fetching available years for: Jeff Santonia
2025-03-25 18:28:30 - Available years: 2025
2025-03-25 18:28:30 - Get Available Years completed
2025-03-25 18:28:30 - Get Monthly Payments Started
2025-03-25 18:28:30 - Fetching payments for: Jeff Santonia, Year: 2025
2025-03-25 18:28:30 - Successfully fetched 12 records
2025-03-25 18:28:30 - Get Monthly Payments completed
2025-03-25 18:28:43 - External Payment Process Started
2025-03-25 18:28:43 - POST data: {"username":"Jeff Santonia","month":"2","year":"2025","amount":"15400","notes":"","payment_method":"External"}
2025-03-25 18:28:43 - FILES data: {"proof":{"name":"audience2.png","type":"image\/png","tmp_name":"C:\\xampp\\tmp\\php5097.tmp","error":0,"size":18453}}
2025-03-25 18:28:43 - Processing external payment for: Jeff Santonia, Month: 2, Year: 2025, Amount: 15400
2025-03-25 18:28:43 - Created upload directory: ../payments/Jeff Santonia/February - 2025/
2025-03-25 18:28:43 - File uploaded successfully to: ../payments/Jeff Santonia/February - 2025/67e2e7cb28cd8_proof.png
2025-03-25 18:28:43 - Transaction started
2025-03-25 18:28:43 - Updating existing payment record ID: 146
2025-03-25 18:28:43 - ERROR: Prepare failed: 
2025-03-25 18:28:43 - Deleted uploaded file due to error
2025-03-25 18:28:43 - Process completed
2025-03-25 18:29:44 - Get Available Years Started
2025-03-25 18:29:44 - Fetching available years for: Jeff Santonia
2025-03-25 18:29:44 - Available years: 2025
2025-03-25 18:29:44 - Get Available Years completed
2025-03-25 18:29:44 - Get Monthly Payments Started
2025-03-25 18:29:44 - Get Monthly Payments - Examining database schema
2025-03-25 18:29:44 - Fetching payments for: Jeff Santonia, Year: 2025
2025-03-25 18:29:44 - Available columns: id, username, month, year, total_amount, amount_paid, payment_status, created_at, updated_at, remaining_balance, proof_image, notes, payment_method
2025-03-25 18:29:44 - SQL Query: SELECT month, total_amount, payment_status, remaining_balance, payment_method, proof_image, notes FROM monthly_payments WHERE username = ? AND year = ?
2025-03-25 18:29:44 - Successfully fetched 12 records
2025-03-25 18:29:44 - Get Monthly Payments completed
2025-03-25 18:29:50 - External Payment Process Started
2025-03-25 18:29:50 - POST data: {"username":"Jeff Santonia","month":"2","year":"2025","amount":"15400","notes":"","payment_method":"External"}
2025-03-25 18:29:50 - FILES data: {"proof":{"name":"file copie.png","type":"image\/png","tmp_name":"C:\\xampp\\tmp\\php5798.tmp","error":0,"size":14643}}
2025-03-25 18:29:50 - Processing external payment for: Jeff Santonia, Month: 2, Year: 2025, Amount: 15400
2025-03-25 18:29:50 - Created upload directory: ../payments/Jeff Santonia/February - 2025/
2025-03-25 18:29:50 - File uploaded successfully to: ../payments/Jeff Santonia/February - 2025/67e2e80e74305_proof.png
2025-03-25 18:29:50 - Transaction started
2025-03-25 18:29:50 - Updating existing payment record ID: 146
2025-03-25 18:29:50 - ERROR: Prepare failed: 
2025-03-25 18:29:50 - Deleted uploaded file due to error
2025-03-25 18:29:50 - Process completed
2025-03-25 18:30:10 - External Payment Process Started
2025-03-25 18:30:10 - POST data: {"username":"Jeff Santonia","month":"2","year":"2025","amount":"15400","notes":"","payment_method":"External"}
2025-03-25 18:30:10 - FILES data: {"proof":{"name":"file copie.png","type":"image\/png","tmp_name":"C:\\xampp\\tmp\\phpA7BD.tmp","error":0,"size":14643}}
2025-03-25 18:30:10 - Processing external payment for: Jeff Santonia, Month: 2, Year: 2025, Amount: 15400
2025-03-25 18:30:10 - Created upload directory: ../payments/Jeff Santonia/February - 2025/
2025-03-25 18:30:10 - File uploaded successfully to: ../payments/Jeff Santonia/February - 2025/67e2e822f13f2_proof.png
2025-03-25 18:30:10 - Transaction started
2025-03-25 18:30:10 - Updating existing payment record ID: 146
2025-03-25 18:30:11 - ERROR: Prepare failed: 
2025-03-25 18:30:11 - Deleted uploaded file due to error
2025-03-25 18:30:11 - Process completed
2025-03-25 18:35:53 - Get Available Years Started
2025-03-25 18:35:53 - Fetching available years for: Jeff Santonia
2025-03-25 18:35:53 - Available years: 2025
2025-03-25 18:35:53 - Get Available Years completed
2025-03-25 18:35:53 - Get Monthly Payments Started
2025-03-25 18:35:53 - Get Monthly Payments - Examining database schema
2025-03-25 18:35:53 - Fetching payments for: Jeff Santonia, Year: 2025
2025-03-25 18:35:53 - Available columns: id, username, month, year, total_amount, amount_paid, payment_status, created_at, updated_at, remaining_balance, proof_image, notes, payment_method
2025-03-25 18:35:53 - SQL Query: SELECT month, total_amount, payment_status, remaining_balance, payment_method, proof_image, notes FROM monthly_payments WHERE username = ? AND year = ?
2025-03-25 18:35:53 - Successfully fetched 12 records
2025-03-25 18:35:53 - Get Monthly Payments completed
2025-03-25 18:35:59 - Internal Payment Process Started
2025-03-25 18:35:59 - Processing payment for: Jeff Santonia, Month: 2, Year: 2025, Amount: 15400
2025-03-25 18:35:59 - Current balance: 25215
2025-03-25 18:35:59 - Transaction started
2025-03-25 18:35:59 - Updated client balance to: 9815
2025-03-25 18:35:59 - Updating existing payment record ID: 146
2025-03-25 18:35:59 - SQL: UPDATE monthly_payments SET 
                amount_paid = ?, 
                remaining_balance = ?, 
                payment_status = ?, 
                payment_method = ?,
                notes = ?
                WHERE id = ?
2025-03-25 18:35:59 - Updated payment record successfully
2025-03-25 18:35:59 - SQL for payment history: INSERT INTO payment_history 
            (username, month, year, amount, transaction_type, notes, payment_method, created_by)
            VALUES (?, ?, ?, ?, 'Payment', ?, ?, ?)
2025-03-25 18:35:59 - ERROR: Prepare failed for payment history: 
2025-03-25 18:35:59 - Process completed
2025-03-25 18:36:07 - Internal Payment Process Started
2025-03-25 18:36:07 - Processing payment for: Jeff Santonia, Month: 2, Year: 2025, Amount: 15400
2025-03-25 18:36:07 - Current balance: 25215
2025-03-25 18:36:07 - Transaction started
2025-03-25 18:36:07 - Updated client balance to: 9815
2025-03-25 18:36:07 - Updating existing payment record ID: 146
2025-03-25 18:36:07 - SQL: UPDATE monthly_payments SET 
                amount_paid = ?, 
                remaining_balance = ?, 
                payment_status = ?, 
                payment_method = ?,
                notes = ?
                WHERE id = ?
2025-03-25 18:36:07 - Updated payment record successfully
2025-03-25 18:36:07 - SQL for payment history: INSERT INTO payment_history 
            (username, month, year, amount, transaction_type, notes, payment_method, created_by)
            VALUES (?, ?, ?, ?, 'Payment', ?, ?, ?)
2025-03-25 18:36:07 - ERROR: Prepare failed for payment history: 
2025-03-25 18:36:07 - Process completed
2025-03-25 18:48:15 - Get Available Years Started
2025-03-25 18:48:15 - Fetching available years for: Jeff Santonia
2025-03-25 18:48:15 - Available years: 2025
2025-03-25 18:48:15 - Get Available Years completed
2025-03-25 18:48:15 - Get Monthly Payments Started
2025-03-25 18:48:15 - Get Monthly Payments - Examining database schema
2025-03-25 18:48:15 - Fetching payments for: Jeff Santonia, Year: 2025
2025-03-25 18:48:15 - Available columns: id, username, month, year, total_amount, amount_paid, payment_status, created_at, updated_at, remaining_balance, proof_image, notes, payment_method
2025-03-25 18:48:15 - SQL Query: SELECT month, total_amount, payment_status, remaining_balance, payment_method, proof_image, notes FROM monthly_payments WHERE username = ? AND year = ?
2025-03-25 18:48:15 - Successfully fetched 12 records
2025-03-25 18:48:15 - Get Monthly Payments completed
2025-03-25 18:48:20 - Internal Payment Process Started
2025-03-25 18:48:20 - Processing payment for: Jeff Santonia, Month: 2, Year: 2025, Amount: 15400
2025-03-25 18:48:20 - Current balance: 25215
2025-03-25 18:48:20 - Transaction started
2025-03-25 18:48:20 - Updated client balance to: 9815
2025-03-25 18:48:20 - Updating existing payment record ID: 146
2025-03-25 18:48:20 - SQL: UPDATE monthly_payments SET 
                amount_paid = ?, 
                remaining_balance = ?, 
                payment_status = ?, 
                payment_method = ?,
                notes = ?
                WHERE id = ?
2025-03-25 18:48:20 - Updated payment record successfully
2025-03-25 18:48:20 - SQL for payment history: INSERT INTO payment_history 
            (username, month, year, amount, transaction_type, notes, payment_method, created_by)
            VALUES (?, ?, ?, ?, 'Payment', ?, ?, ?)
2025-03-25 18:48:20 - ERROR: Prepare failed for payment history: 
2025-03-25 18:48:20 - Process completed
